cuda
Current PyTorch version: 2.4.0a0+f70bd71a48.nv24.06
CUDA available: True
CUDA version: 12.5
                                      full_path  score  gender
0     nm1442940_rm3965098752_1996-10-3_2006.jpg     10     0.0
1     nm4832920_rm1781768448_2003-8-28_2013.jpg     10     0.0
2      nm0652089_rm860657920_1992-3-10_2002.jpg     10     0.0
3     nm0004917_rm1493730304_1969-5-12_1979.jpg     10     0.0
4     nm1113550_rm1332711936_1996-4-14_2006.jpg     10     0.0
...                                         ...    ...     ...
9145                 475367_1941-08-03_2011.jpg     70     1.0
9146                 304085_1919-07-07_1989.jpg     70     1.0
9147  nm0001627_rm4164078592_1927-2-20_1997.jpg     70     1.0
9148  nm0000024_rm1715129344_1904-4-14_1974.jpg     70     1.0
9149  nm0000323_rm3114703104_1933-3-14_2003.jpg     70     1.0

[9150 rows x 3 columns]
9150
250249
cuda
                                                left  ... worker
0  https://tlk.s3.yandex.net/annotation_tasks/IMD...  ...      0
1  https://tlk.s3.yandex.net/annotation_tasks/IMD...  ...      0
2  https://tlk.s3.yandex.net/annotation_tasks/IMD...  ...      0
3  https://tlk.s3.yandex.net/annotation_tasks/IMD...  ...      1
4  https://tlk.s3.yandex.net/annotation_tasks/IMD...  ...      1

[5 rows x 4 columns]
                                   full_path  score  gender
0  nm1442940_rm3965098752_1996-10-3_2006.jpg     10     0.0
1  nm4832920_rm1781768448_2003-8-28_2013.jpg     10     0.0
2   nm0652089_rm860657920_1992-3-10_2002.jpg     10     0.0
3  nm0004917_rm1493730304_1969-5-12_1979.jpg     10     0.0
4  nm1113550_rm1332711936_1996-4-14_2006.jpg     10     0.0
FactorBT converged at iteration 2865 | Loss value is 171022.0
FactorBT converged at iteration 23269 | Loss value is 62692.4921875
FactorBT converged at iteration 23214 | Loss value is 62698.1875
FactorBT converged at iteration 23618 | Loss value is 62698.234375
FactorBT converged at iteration 24353 | Loss value is 62693.421875
FactorBT converged at iteration 24645 | Loss value is 62692.5234375
FactorBT converged at iteration 25040 | Loss value is 62690.4140625
FactorBT converged at iteration 25251 | Loss value is 62686.8828125
FactorBT converged at iteration 24714 | Loss value is 62694.09375
FactorBT converged at iteration 24959 | Loss value is 62693.296875
FactorBT converged at iteration 11148 | Loss value is 73656.234375
defaultdict(<class 'list'>, {0.0: [0.0, 0.0, 0.0], 0.1: [0.7916253209114075, 0.8729909658432007, 0.5784817097414805], 0.2: [0.7916101813316345, 0.8729838728904724, 0.578451854434718], 0.3: [0.7916164398193359, 0.8729932308197021, 0.5784642838457557], 0.4: [0.791615903377533, 0.8729941248893738, 0.5784632549715509], 0.5: [0.791616678237915, 0.8729944825172424, 0.5784646072577093], 0.6: [0.7916193604469299, 0.8729960918426514, 0.578469937617011], 0.7: [0.7916303873062134, 0.8729999661445618, 0.578491747529307], 0.8: [0.7916263937950134, 0.8730055689811707, 0.5784839258379691], 0.9: [0.791625440120697, 0.8730053305625916, 0.5784820159752775], 1.0: [0.7900635600090027, 0.8719547390937805, 0.5753838959064004]})
Saved all results to ablation_results_noisybt.json
