cuda
Current PyTorch version: 2.4.0a0+f70bd71a48.nv24.06
CUDA available: True
CUDA version: 12.5
                                      full_path  score  gender
0     nm1442940_rm3965098752_1996-10-3_2006.jpg     10     0.0
1     nm4832920_rm1781768448_2003-8-28_2013.jpg     10     0.0
2      nm0652089_rm860657920_1992-3-10_2002.jpg     10     0.0
3     nm0004917_rm1493730304_1969-5-12_1979.jpg     10     0.0
4     nm1113550_rm1332711936_1996-4-14_2006.jpg     10     0.0
...                                         ...    ...     ...
9145                 475367_1941-08-03_2011.jpg     70     1.0
9146                 304085_1919-07-07_1989.jpg     70     1.0
9147  nm0001627_rm4164078592_1927-2-20_1997.jpg     70     1.0
9148  nm0000024_rm1715129344_1904-4-14_1974.jpg     70     1.0
9149  nm0000323_rm3114703104_1933-3-14_2003.jpg     70     1.0

[9150 rows x 3 columns]
9150
250249
cuda
CrowdBT: Converged at iteration 22809 | loss_val: 64082.640625
[0.7917302250862122, 0.8730529546737671, 0.5786898611081321]
CrowdBT: Converged at iteration 22456 | loss_val: 64086.2890625
[0.7917322516441345, 0.8730546236038208, 0.5786938768922641]
CrowdBT: Converged at iteration 22958 | loss_val: 64079.7890625
[0.7917292714118958, 0.8730524778366089, 0.5786878720662104]
CrowdBT: Converged at iteration 23068 | loss_val: 64077.5625
[0.7917284965515137, 0.8730515837669373, 0.5786863924353258]
CrowdBT: Converged at iteration 22585 | loss_val: 64080.703125
[0.791730523109436, 0.8730535507202148, 0.578690377218733]
CrowdBT: Converged at iteration 1 | loss_val: 173459.390625
[0.0, 0.0, 0.0]
CrowdBT: Converged at iteration 22355 | loss_val: 64083.171875
[0.7917308807373047, 0.8730533719062805, 0.5786911618604345]
CrowdBT: Converged at iteration 22628 | loss_val: 64081.97265625
[0.7917298078536987, 0.8730530738830566, 0.5786890421159417]
CrowdBT: Converged at iteration 22464 | loss_val: 64085.1796875
[0.7917321920394897, 0.8730541467666626, 0.5786937977154463]
CrowdBT: Converged at iteration 22552 | loss_val: 64085.125
[0.7917319536209106, 0.8730539679527283, 0.5786933951321579]
CrowdBT: Converged at iteration 22787 | loss_val: 64082.8828125
[0.7917308211326599, 0.8730534911155701, 0.5786909553308535]
defaultdict(<class 'list'>, {0.0: [0.7917302250862122, 0.8730529546737671, 0.5786898611081321], 0.1: [0.7917322516441345, 0.8730546236038208, 0.5786938768922641], 0.2: [0.7917292714118958, 0.8730524778366089, 0.5786878720662104], 0.3: [0.7917284965515137, 0.8730515837669373, 0.5786863924353258], 0.4: [0.791730523109436, 0.8730535507202148, 0.578690377218733], 0.5: [0.0, 0.0, 0.0], 0.6: [0.7917308807373047, 0.8730533719062805, 0.5786911618604345], 0.7: [0.7917298078536987, 0.8730530738830566, 0.5786890421159417], 0.8: [0.7917321920394897, 0.8730541467666626, 0.5786937977154463], 0.9: [0.7917319536209106, 0.8730539679527283, 0.5786933951321579], 1.0: [0.7917308211326599, 0.8730534911155701, 0.5786909553308535]})
cuda
                                                left  ... worker
0  https://tlk.s3.yandex.net/annotation_tasks/IMD...  ...      0
1  https://tlk.s3.yandex.net/annotation_tasks/IMD...  ...      0
2  https://tlk.s3.yandex.net/annotation_tasks/IMD...  ...      0
3  https://tlk.s3.yandex.net/annotation_tasks/IMD...  ...      1
4  https://tlk.s3.yandex.net/annotation_tasks/IMD...  ...      1

[5 rows x 4 columns]
                                   full_path  score  gender
0  nm1442940_rm3965098752_1996-10-3_2006.jpg     10     0.0
1  nm4832920_rm1781768448_2003-8-28_2013.jpg     10     0.0
2   nm0652089_rm860657920_1992-3-10_2002.jpg     10     0.0
3  nm0004917_rm1493730304_1969-5-12_1979.jpg     10     0.0
4  nm1113550_rm1332711936_1996-4-14_2006.jpg     10     0.0
'NoisyBT_3_0' object has no attribute 'init_beta'
defaultdict(<class 'list'>, {})
Saved all results to ablation_results_crowdbt_noisybt.json
